autoscan: warning: missing AC_CHECK_HEADERS([stdlib.h]) wanted by: 
	Game/Board.cpp:10
autoscan: warning: missing AC_CHECK_HEADER_STDBOOL wanted by: 
	SDLContext.h:18
	InputManager.h:19
	InputManager.h:20
	SDLContext.cpp:25
	SDLContext.cpp:27
	Rendering/ScorePanel.h:18
	Game/Block.h:28
	Game/Block.h:30
	Game/Block.h:35
	Game/Game.h:22
	Game/Board.cpp:100
	Game/Board.cpp:104
	Game/Board.cpp:113
	Game/Board.cpp:200
	Game/Board.cpp:330
	Game/Board.h:28
	Game/Board.h:42
	Game/Board.h:43
	Game/Board.h:45
	Game/Board.h:61
	Game/Board.h:69
	Game/Board.h:70
	InputManager.cpp:12
	InputManager.cpp:30
	SDLContext.cpp:31
	SDLContext.cpp:38
	SDLContext.cpp:45
	Rendering/ScorePanel.cpp:16
	Game/Board.cpp:17
	Game/Board.cpp:18
	Game/Board.cpp:107
	Game/Board.cpp:135
	Game/Board.cpp:200
	Game/Board.cpp:220
	Game/Board.cpp:291
	Game/Board.cpp:317
	Game/Board.cpp:337
	Game/Block.cpp:11
	Game/Block.cpp:11
	Game/Block.cpp:13
	Game/Block.cpp:13
	InputManager.cpp:26
	InputManager.cpp:28
	SDLContext.cpp:27
	Rendering/ScorePanel.cpp:10
	Game/Board.cpp:207
	Game/Board.cpp:226
	Game/Board.cpp:247
	Game/Board.cpp:259
	Game/Board.cpp:271
	Game/Board.cpp:274
	Game/Board.cpp:326
	Game/Board.cpp:334
autoscan: warning: missing AC_PREREQ wanted by: 
	autoscan
autoscan: warning: missing AC_PROG_CC wanted by: 
	SDLContext.h
	InputManager.h
	Rendering/Renderer.h
	Rendering/GameRenderer.h
	Rendering/ChainPanel.h
	Rendering/BoardRenderer.h
	Rendering/ScorePanel.h
	Game/Block.h
	Game/GarbageBlock.h
	Game/Game.h
	Game/Board.h
autoscan: warning: missing AC_PROG_CXX wanted by: 
	InputManager.cpp
	main.cpp
	SDLContext.cpp
	Rendering/ScorePanel.cpp
	Rendering/ChainPanel.cpp
	Rendering/GameRenderer.cpp
	Rendering/Renderer.cpp
	Rendering/BoardRenderer.cpp
	Game/Game.cpp
	Game/GarbageBlock.cpp
	Game/Board.cpp
	Game/Block.cpp
autoscan: warning: missing AC_TYPE_UINT32_T wanted by: 
	main.cpp:18
autoscan: warning: missing AC_TYPE_UINT8_T wanted by: 
	Rendering/BoardRenderer.cpp:87
	Rendering/BoardRenderer.cpp:107
